Determining if the pthread_create exist failed with the following output:
Change Dir: /home/eichmeierbr/cmu/aacas/catkin_ws/build/CMakeFiles/CMakeTmp

Run Build Command:"/usr/bin/make" "cmTC_9da6b/fast"
/usr/bin/make -f CMakeFiles/cmTC_9da6b.dir/build.make CMakeFiles/cmTC_9da6b.dir/build
make[1]: Entering directory '/home/eichmeierbr/cmu/aacas/catkin_ws/build/CMakeFiles/CMakeTmp'
Building C object CMakeFiles/cmTC_9da6b.dir/CheckSymbolExists.c.o
/usr/bin/cc     -o CMakeFiles/cmTC_9da6b.dir/CheckSymbolExists.c.o   -c /home/eichmeierbr/cmu/aacas/catkin_ws/build/CMakeFiles/CMakeTmp/CheckSymbolExists.c
Linking C executable cmTC_9da6b
/usr/bin/cmake -E cmake_link_script CMakeFiles/cmTC_9da6b.dir/link.txt --verbose=1
/usr/bin/cc       CMakeFiles/cmTC_9da6b.dir/CheckSymbolExists.c.o  -o cmTC_9da6b -rdynamic 
CMakeFiles/cmTC_9da6b.dir/CheckSymbolExists.c.o: In function `main':
CheckSymbolExists.c:(.text+0x16): undefined reference to `pthread_create'
collect2: error: ld returned 1 exit status
CMakeFiles/cmTC_9da6b.dir/build.make:97: recipe for target 'cmTC_9da6b' failed
make[1]: *** [cmTC_9da6b] Error 1
make[1]: Leaving directory '/home/eichmeierbr/cmu/aacas/catkin_ws/build/CMakeFiles/CMakeTmp'
Makefile:126: recipe for target 'cmTC_9da6b/fast' failed
make: *** [cmTC_9da6b/fast] Error 2

File /home/eichmeierbr/cmu/aacas/catkin_ws/build/CMakeFiles/CMakeTmp/CheckSymbolExists.c:
/* */
#include <pthread.h>

int main(int argc, char** argv)
{
  (void)argv;
#ifndef pthread_create
  return ((int*)(&pthread_create))[argc];
#else
  (void)argc;
  return 0;
#endif
}

Determining if the function pthread_create exists in the pthreads failed with the following output:
Change Dir: /home/eichmeierbr/cmu/aacas/catkin_ws/build/CMakeFiles/CMakeTmp

Run Build Command:"/usr/bin/make" "cmTC_c62a3/fast"
/usr/bin/make -f CMakeFiles/cmTC_c62a3.dir/build.make CMakeFiles/cmTC_c62a3.dir/build
make[1]: Entering directory '/home/eichmeierbr/cmu/aacas/catkin_ws/build/CMakeFiles/CMakeTmp'
Building C object CMakeFiles/cmTC_c62a3.dir/CheckFunctionExists.c.o
/usr/bin/cc    -DCHECK_FUNCTION_EXISTS=pthread_create   -o CMakeFiles/cmTC_c62a3.dir/CheckFunctionExists.c.o   -c /usr/share/cmake-3.5/Modules/CheckFunctionExists.c
Linking C executable cmTC_c62a3
/usr/bin/cmake -E cmake_link_script CMakeFiles/cmTC_c62a3.dir/link.txt --verbose=1
/usr/bin/cc   -DCHECK_FUNCTION_EXISTS=pthread_create    CMakeFiles/cmTC_c62a3.dir/CheckFunctionExists.c.o  -o cmTC_c62a3 -rdynamic -lpthreads 
/usr/bin/ld: cannot find -lpthreads
collect2: error: ld returned 1 exit status
CMakeFiles/cmTC_c62a3.dir/build.make:97: recipe for target 'cmTC_c62a3' failed
make[1]: *** [cmTC_c62a3] Error 1
make[1]: Leaving directory '/home/eichmeierbr/cmu/aacas/catkin_ws/build/CMakeFiles/CMakeTmp'
Makefile:126: recipe for target 'cmTC_c62a3/fast' failed
make: *** [cmTC_c62a3/fast] Error 2


